"T:/PVZ/PVZBETA/Content/Geometry/Meshes/CubeMaterial.uasset" 0
"T:/PVZ/PVZBETA/Content/Geometry/Meshes/1M_Cube.uasset" 1
"T:/PVZ/PVZBETA/Content/Blueprints/Bullet.uasset" 2
"T:/PVZ/PVZBETA/Content/Blueprints/ZombieAI.uasset" 3
"../../../Engine/Content/EditorBlueprintResources/StandardMacros.uasset" 4
"T:/PVZ/PVZBETA/Content/FirstPerson/Character/Mesh/SK_Mannequin_Arms_Skeleton.uasset" 5
"T:/PVZ/PVZBETA/Content/FirstPerson/Animations/FirstPerson_Run.uasset" 6
"T:/PVZ/PVZBETA/Content/FirstPerson/Animations/FirstPerson_JumpStart.uasset" 7
"T:/PVZ/PVZBETA/Content/FirstPerson/Animations/FirstPerson_JumpLoop.uasset" 8
"T:/PVZ/PVZBETA/Content/FirstPerson/Animations/FirstPerson_JumpEnd.uasset" 9
"T:/PVZ/PVZBETA/Content/FirstPerson/Animations/FirstPerson_Idle.uasset" 10
"T:/PVZ/PVZBETA/Content/FirstPerson/Animations/FirstPerson_AnimBP.uasset" 11
"T:/PVZ/PVZBETA/Content/FirstPerson/Character/Mesh/FirstPersonAnimBlueprint_Copy.uasset" 12
"T:/PVZ/PVZBETA/Content/FirstPerson/Character/Textures/UE4_LOGO_CARD.uasset" 13
"T:/PVZ/PVZBETA/Content/FirstPerson/FPWeapon/Materials/MaterialLayers/ML_Plastic_Shiny_Beige_LOGO.uasset" 14
"T:/PVZ/PVZBETA/Content/FirstPerson/FPWeapon/Materials/MaterialLayers/T_ML_FineRubber.uasset" 15
"T:/PVZ/PVZBETA/Content/FirstPerson/FPWeapon/Mesh/SK_FPGun_PhysicsAsset.uasset" 16
"T:/PVZ/PVZBETA/Content/FirstPersonBP/FirstPersonOverview.uasset" 17
"T:/PVZ/PVZBETA/Content/Geometry/Meshes/1M_Cube_Chamfer.uasset" 18
"T:/PVZ/PVZBETA/Content/Geometry/Meshes/TemplateFloor.uasset" 19
"T:/PVZ/PVZBETA/Content/StarterContent/Materials/M_Basic_Wall.uasset" 20
"T:/PVZ/PVZBETA/Content/StarterContent/Architecture/Pillar_50x500.uasset" 21
"T:/PVZ/PVZBETA/Content/StarterContent/Architecture/Wall_400x300.uasset" 22
"T:/PVZ/PVZBETA/Content/StarterContent/Architecture/Wall_400x400.uasset" 23
"T:/PVZ/PVZBETA/Content/StarterContent/Architecture/Wall_500x500.uasset" 24
"T:/PVZ/PVZBETA/Content/StarterContent/Architecture/Wall_Door_400x400.uasset" 25
"T:/PVZ/PVZBETA/Content/StarterContent/Architecture/Wall_Window_400x400.uasset" 26
"T:/PVZ/PVZBETA/Content/StarterContent/Audio/Collapse01.uasset" 27
"T:/PVZ/PVZBETA/Content/StarterContent/Audio/Collapse02.uasset" 28
"T:/PVZ/PVZBETA/Content/StarterContent/Audio/Explosion01.uasset" 29
"T:/PVZ/PVZBETA/Content/StarterContent/Audio/Explosion02.uasset" 30
"T:/PVZ/PVZBETA/Content/StarterContent/Audio/Fire01.uasset" 31
"T:/PVZ/PVZBETA/Content/StarterContent/Audio/Fire_Sparks01.uasset" 32
"T:/PVZ/PVZBETA/Content/StarterContent/Audio/Light01.uasset" 33
"T:/PVZ/PVZBETA/Content/StarterContent/Audio/Light01_Cue.uasset" 34
"T:/PVZ/PVZBETA/Content/StarterContent/Audio/Light02.uasset" 35
"T:/PVZ/PVZBETA/Content/StarterContent/Audio/Light02_Cue.uasset" 36
"T:/PVZ/PVZBETA/Content/StarterContent/Audio/Smoke01.uasset" 37
"T:/PVZ/PVZBETA/Content/StarterContent/Audio/Starter_Birds01.uasset" 38
"T:/PVZ/PVZBETA/Content/StarterContent/Audio/Starter_Music01.uasset" 39
"T:/PVZ/PVZBETA/Content/StarterContent/Audio/Starter_Wind05.uasset" 40
"T:/PVZ/PVZBETA/Content/StarterContent/Audio/Starter_Wind06.uasset" 41
"T:/PVZ/PVZBETA/Content/StarterContent/Audio/Steam01.uasset" 42
"T:/PVZ/PVZBETA/Content/StarterContent/Textures/T_Smoke_Tiled_D.uasset" 43
"T:/PVZ/PVZBETA/Content/StarterContent/Textures/T_Smoke_SubUV.uasset" 44
"T:/PVZ/PVZBETA/Content/StarterContent/Particles/Materials/M_smoke_subUV.uasset" 45
"../../../Engine/Content/Functions/Engine_MaterialFunctions01/Gradient/RadialGradient.uasset" 46
"T:/PVZ/PVZBETA/Content/StarterContent/Particles/Materials/M_radial_ramp.uasset" 47
"T:/PVZ/PVZBETA/Content/StarterContent/Particles/Materials/m_flare_01.uasset" 48
"T:/PVZ/PVZBETA/Content/StarterContent/Textures/T_Explosion_SubUV.uasset" 49
"T:/PVZ/PVZBETA/Content/StarterContent/Particles/Materials/M_explosion_subUV.uasset" 50
"T:/PVZ/PVZBETA/Content/StarterContent/Textures/T_Burst_M.uasset" 51
"T:/PVZ/PVZBETA/Content/StarterContent/Particles/Materials/M_Burst.uasset" 52
"T:/PVZ/PVZBETA/Content/StarterContent/Particles/P_Explosion.uasset" 53
"T:/PVZ/PVZBETA/Content/StarterContent/Audio/Explosion_Cue.uasset" 54
"T:/PVZ/PVZBETA/Content/StarterContent/Blueprints/Blueprint_Effect_Explosion.uasset" 55
"../../../Engine/Content/EditorMeshes/ColorCalibrator/T_ColorGrid.uasset" 56
"T:/PVZ/PVZBETA/Content/StarterContent/Materials/M_ColorGrid_LowSpec.uasset" 57
"T:/PVZ/PVZBETA/Content/StarterContent/Textures/T_Bush_N.uasset" 58
"T:/PVZ/PVZBETA/Content/StarterContent/Textures/T_Bush_D.uasset" 59
"T:/PVZ/PVZBETA/Content/StarterContent/Props/Materials/M_Bush.uasset" 60
"T:/PVZ/PVZBETA/Content/StarterContent/Props/SM_Bush.uasset" 61
"T:/PVZ/PVZBETA/Content/StarterContent/Textures/T_Chair_N.uasset" 62
"T:/PVZ/PVZBETA/Content/StarterContent/Textures/T_Chair_M.uasset" 63
"T:/PVZ/PVZBETA/Content/StarterContent/Props/Materials/M_Chair.uasset" 64
"T:/PVZ/PVZBETA/Content/StarterContent/Props/SM_Couch.uasset" 65
"T:/PVZ/PVZBETA/Content/StarterContent/Materials/M_Glass.uasset" 66
"T:/PVZ/PVZBETA/Content/StarterContent/Textures/T_Door_N.uasset" 67
"T:/PVZ/PVZBETA/Content/StarterContent/Textures/T_Door_M.uasset" 68
"T:/PVZ/PVZBETA/Content/StarterContent/Props/Materials/M_Door.uasset" 69
"T:/PVZ/PVZBETA/Content/StarterContent/Props/SM_Door.uasset" 70
"T:/PVZ/PVZBETA/Content/StarterContent/Props/Materials/M_MaterialSphere_Plain.uasset" 71
"T:/PVZ/PVZBETA/Content/StarterContent/Props/Materials/M_MaterialSphere.uasset" 72
"T:/PVZ/PVZBETA/Content/StarterContent/Props/SM_MatPreviewMesh_02.uasset" 73
"../../../Engine/Content/Functions/Engine_MaterialFunctions02/Utility/BlendAngleCorrectedNormals.uasset" 74
"T:/PVZ/PVZBETA/Content/StarterContent/Textures/T_Rock_Basalt_D.uasset" 75
"T:/PVZ/PVZBETA/Content/StarterContent/Textures/T_RockMesh_N.uasset" 76
"T:/PVZ/PVZBETA/Content/StarterContent/Textures/T_RockMesh_M.uasset" 77
"T:/PVZ/PVZBETA/Content/StarterContent/Textures/T_Detail_Rocky_N.uasset" 78
"T:/PVZ/PVZBETA/Content/StarterContent/Props/Materials/M_Rock.uasset" 79
"T:/PVZ/PVZBETA/Content/StarterContent/Props/SM_Rock.uasset" 80
"T:/PVZ/PVZBETA/Content/StarterContent/Textures/T_Shelf_N.uasset" 81
"T:/PVZ/PVZBETA/Content/StarterContent/Textures/T_Shelf_M.uasset" 82
"T:/PVZ/PVZBETA/Content/StarterContent/Props/Materials/M_Shelf.uasset" 83
"T:/PVZ/PVZBETA/Content/StarterContent/Props/SM_Shelf.uasset" 84
"T:/PVZ/PVZBETA/Content/StarterContent/Materials/M_Basic_Floor.uasset" 85
"T:/PVZ/PVZBETA/Content/StarterContent/Props/SM_Stairs.uasset" 86
"T:/PVZ/PVZBETA/Content/StarterContent/Shapes/Shape_Cylinder.uasset" 87
"T:/PVZ/PVZBETA/Content/StarterContent/Shapes/Shape_NarrowCapsule.uasset" 88
"T:/PVZ/PVZBETA/Content/StarterContent/Shapes/Shape_Pipe.uasset" 89
"T:/PVZ/PVZBETA/Content/StarterContent/Shapes/Shape_Pipe_180.uasset" 90
"T:/PVZ/PVZBETA/Content/StarterContent/Shapes/Shape_Pipe_90.uasset" 91
"T:/PVZ/PVZBETA/Content/StarterContent/Shapes/Shape_Plane.uasset" 92
"T:/PVZ/PVZBETA/Content/StarterContent/Shapes/Shape_Torus.uasset" 93
"T:/PVZ/PVZBETA/Content/StarterContent/Shapes/Shape_Trim.uasset" 94
"T:/PVZ/PVZBETA/Content/StarterContent/Shapes/Shape_Trim_90_In.uasset" 95
"T:/PVZ/PVZBETA/Content/StarterContent/Shapes/Shape_Trim_90_Out.uasset" 96
"T:/PVZ/PVZBETA/Content/StarterContent/Shapes/Shape_TriPyramid.uasset" 97
"T:/PVZ/PVZBETA/Content/StarterContent/Shapes/Shape_Tube.uasset" 98
"T:/PVZ/PVZBETA/Content/StarterContent/Shapes/Shape_Wedge_A.uasset" 99
"T:/PVZ/PVZBETA/Content/StarterContent/Shapes/Shape_Wedge_B.uasset" 100
"T:/PVZ/PVZBETA/Content/StarterContent/Shapes/Shape_WideCapsule.uasset" 101
"../../../Engine/Content/Animation/DefaultAnimBoneCompressionSettings.uasset" 102
"../../../Engine/Content/Animation/DefaultAnimCurveCompressionSettings.uasset" 103
"../../../Engine/Content/EngineMaterials/T_Default_Material_Grid_N.uasset" 104
"../../../Engine/Content/EngineMaterials/T_Default_Material_Grid_M.uasset" 105
"../../../Engine/Content/Functions/Engine_MaterialFunctions01/Opacity/CameraDepthFade.uasset" 106
"../../../Engine/Content/EngineMaterials/WorldGridMaterial.uasset" 107
"../../../Engine/Content/ArtTools/RenderToTexture/Meshes/S_1_Unit_Plane.uasset" 108
"../../../Engine/Content/EngineMaterials/DefaultMaterial.uasset" 109
"../../../Engine/Content/BasicShapes/Cone.uasset" 110
"../../../Engine/Content/BasicShapes/Cube.uasset" 111
"../../../Engine/Content/BasicShapes/Plane.uasset" 112
"../../../Engine/Content/BasicShapes/Sphere.uasset" 113
"../../../Engine/Content/EditorLandscapeResources/DataLayer.uasset" 114
"../../../Engine/Content/EditorLandscapeResources/DefaultAlphaTexture.uasset" 115
"../../../Engine/Content/EditorMaterials/MAT_Groups_Toggle.uasset" 116
"../../../Engine/Content/EditorMaterials/MAT_Groups_Visibility.uasset" 117
"../../../Engine/Content/EditorMaterials/PreviewShadowIndicator.uasset" 118
"../../../Engine/Content/EditorMaterials/PreviewShadowIndicatorMaterial.uasset" 119
"../../../Engine/Content/EditorMaterials/MatineeGroups/MAT_ColorTrack.uasset" 120
"../../../Engine/Content/EditorMaterials/MatineeGroups/MAT_Groups_Anim.uasset" 121
"../../../Engine/Content/EditorMaterials/MatineeGroups/MAT_Groups_AudioMaster.uasset" 122
"../../../Engine/Content/EditorMaterials/MatineeGroups/MAT_Groups_Director.uasset" 123
"../../../Engine/Content/EditorMaterials/MatineeGroups/MAT_Groups_Event.uasset" 124
"../../../Engine/Content/EditorMaterials/MatineeGroups/MAT_Groups_Fade.uasset" 125
"../../../Engine/Content/EditorMaterials/MatineeGroups/MAT_Groups_Float.uasset" 126
"../../../Engine/Content/EditorMaterials/MatineeGroups/MAT_Groups_Move.uasset" 127
"../../../Engine/Content/EditorMaterials/MatineeGroups/MAT_Groups_Slomo.uasset" 128
"../../../Engine/Content/EditorMaterials/MatineeGroups/MAT_Groups_Sound.uasset" 129
"../../../Engine/Content/EditorMaterials/MatineeGroups/MAT_Groups_Vector.uasset" 130
"../../../Engine/Content/EditorMaterials/ParticleSystems/PSysThumbnail_NoImage.uasset" 131
"../../../Engine/Content/EditorMaterials/ParticleSystems/PSysThumbnail_OOD.uasset" 132
"../../../Engine/Content/EditorMaterials/Camera/CineMat.uasset" 133
"../../../Engine/Content/EditorMaterials/Camera/MI_CineMat_Rig.uasset" 134
"../../../Engine/Content/EditorMeshes/Camera/SM_CraneRig_Arm.uasset" 135
"../../../Engine/Content/EditorMeshes/Camera/SM_CraneRig_Base.uasset" 136
"../../../Engine/Content/EditorMeshes/Camera/SM_CraneRig_Body.uasset" 137
"../../../Engine/Content/EditorMeshes/Camera/SM_CraneRig_Mount.uasset" 138
"../../../Engine/Content/EditorMeshes/Camera/SM_RailRig_Mount.uasset" 139
"../../../Engine/Content/EditorMeshes/Camera/SM_RailRig_Track.uasset" 140
"../../../Engine/Content/EditorResources/BSPVertex.uasset" 141
"../../../Engine/Content/EditorResources/EmptyActor.uasset" 142
"../../../Engine/Content/EditorResources/S_Actor.uasset" 143
"../../../Engine/Content/EditorResources/S_Note.uasset" 144
"../../../Engine/Content/EditorResources/S_Solver.uasset" 145
"../../../Engine/Content/EditorResources/S_Terrain.uasset" 146
"../../../Engine/Content/EditorResources/S_Trigger.uasset" 147
"../../../Engine/Content/EditorResources/AudioIcons/S_AudioComponent.uasset" 148
"../../../Engine/Content/EditorResources/AudioIcons/S_AudioComponent_AutoActivate.uasset" 149
"../../../Engine/Content/EditorResources/LightIcons/S_LightError.uasset" 150
"../../../Engine/Content/EditorResources/SequenceRecorder/Countdown.uasset" 151
"../../../Engine/Content/EditorResources/SequenceRecorder/RecordingIndicator.uasset" 152
"../../../Engine/Content/EngineDamageTypes/DmgTypeBP_Environmental.uasset" 153
"../../../Engine/Content/EngineDebugMaterials/DebugEditorMaterial.uasset" 154
"../../../Engine/Content/EngineDebugMaterials/DebugMeshMaterial.uasset" 155
"../../../Engine/Content/EngineDebugMaterials/M_SimpleUnlitTranslucent.uasset" 156
"../../../Engine/Content/EngineDebugMaterials/VolumeToRender.uasset" 157
"../../../Engine/Content/Functions/Engine_MaterialFunctions02/Utility/CameraDirectionVector.uasset" 158
"../../../Engine/Content/EngineDebugMaterials/M_VolumeRenderSphereTracePP.uasset" 159
"../../../Engine/Content/Functions/Engine_MaterialFunctions01/Shading/ConvertFromDiffSpec.uasset" 160
"../../../Engine/Content/EngineDebugMaterials/VertexColorMaterial.uasset" 161
"../../../Engine/Content/EngineDebugMaterials/WireframeMaterial.uasset" 162
"../../../Engine/Content/EngineFonts/Faces/RobotoRegular.uasset" 163
"../../../Engine/Content/EngineFonts/Faces/RobotoLight.uasset" 164
"../../../Engine/Content/EngineFonts/Faces/RobotoItalic.uasset" 165
"../../../Engine/Content/EngineFonts/Faces/RobotoBoldItalic.uasset" 166
"../../../Engine/Content/EngineFonts/Faces/RobotoBold.uasset" 167
"../../../Engine/Content/EngineFonts/Faces/DroidSansFallback.uasset" 168
"../../../Engine/Content/EngineFonts/Roboto.uasset" 169
"../../../Engine/Content/EngineMaterials/BaseFlattenNormalMap.uasset" 170
"../../../Engine/Content/EngineMaterials/BaseFlattenGrayscaleMap.uasset" 171
"../../../Engine/Content/EngineMaterials/BaseFlattenEmissiveMap.uasset" 172
"../../../Engine/Content/EngineMaterials/BaseFlattenDiffuseMap.uasset" 173
"../../../Engine/Content/EngineMaterials/BaseFlattenMaterial.uasset" 174
"../../../Engine/Content/EngineMaterials/BlueNoise.uasset" 175
"../../../Engine/Content/EngineMaterials/DefaultBloomKernel.uasset" 176
"../../../Engine/Content/EngineMaterials/DefaultBokeh.uasset" 177
"../../../Engine/Content/EngineMaterials/DefaultDiffuse.uasset" 178
"../../../Engine/Content/EngineMaterials/DefaultDeferredDecalMaterial.uasset" 179
"../../../Engine/Content/EngineMaterials/DefaultLightFunctionMaterial.uasset" 180
"../../../Engine/Content/EngineMaterials/DefaultPhysicalMaterial.uasset" 181
"../../../Engine/Content/Functions/Engine_MaterialFunctions02/Utility/BreakOutFloat2Components.uasset" 182
"../../../Engine/Content/EngineMaterials/DefaultPostProcessMaterial.uasset" 183
"../../../Engine/Content/EngineFonts/RobotoDistanceField.uasset" 184
"../../../Engine/Content/EngineMaterials/DefaultTextMaterialOpaque.uasset" 185
"../../../Engine/Content/EngineMaterials/DefaultWhiteGrid.uasset" 186
"../../../Engine/Content/EngineMaterials/DefaultWhiteGrid_Low.uasset" 187
"../../../Engine/Content/EngineMaterials/EmissiveMeshMaterial.uasset" 188
"../../../Engine/Content/EngineMaterials/GizmoMaterial.uasset" 189
"../../../Engine/Content/EngineMaterials/Good64x64TilingNoiseHighFreq.uasset" 190
"../../../Engine/Content/EngineMaterials/MiniFont.uasset" 191
"../../../Engine/Content/EngineMaterials/InvalidLightmapSettings.uasset" 192
"../../../Engine/Content/EngineMaterials/M_InvalidLightmapSettings.uasset" 193
"../../../Engine/Content/Functions/Engine_MaterialFunctions02/WorldPositionOffset/CameraOffset.uasset" 194
"../../../Engine/Content/EngineMaterials/PhAT_JointLimitMaterial.uasset" 195
"../../../Engine/Content/EngineMaterials/PreintegratedSkinBRDF.uasset" 196
"../../../Engine/Content/EngineMaterials/RemoveSurfaceMaterial.uasset" 197
"../../../Engine/Content/EngineMaterials/WeightMapPlaceholderTexture.uasset" 198
"../../../Engine/Content/EngineResources/WhiteSquareTexture.uasset" 199
"../../../Engine/Content/EngineMaterials/Widget3DPassThrough.uasset" 200
"../../../Engine/Content/EngineMaterials/Widget3DPassThrough_Masked.uasset" 201
"../../../Engine/Content/EngineMaterials/Widget3DPassThrough_Opaque.uasset" 202
"../../../Engine/Content/EngineMaterials/Widget3DPassThrough_Masked_OneSided.uasset" 203
"../../../Engine/Content/EngineMaterials/Widget3DPassThrough_Opaque_OneSided.uasset" 204
"../../../Engine/Content/EngineMaterials/Widget3DPassThrough_Translucent.uasset" 205
"../../../Engine/Content/EngineMaterials/Widget3DPassThrough_Translucent_OneSided.uasset" 206
"../../../Engine/Content/EngineMeshes/Cylinder.uasset" 207
"../../../Engine/Content/EngineMeshes/Sphere.uasset" 208
"../../../Engine/Content/EngineResources/Black.uasset" 209
"../../../Engine/Content/EngineResources/DefaultTextureCube.uasset" 210
"../../../Engine/Content/EngineResources/DefaultVolumeTexture2D.uasset" 211
"../../../Engine/Content/EngineResources/DefaultVolumeTexture.uasset" 212
"../../../Engine/Content/EngineResources/GradientTexture0.uasset" 213
"../../../Engine/Content/EngineSky/VolumetricClouds/T_NoiseShape64.uasset" 214
"../../../Engine/Content/EngineSky/VolumetricClouds/T_VolumeNoiseShape64.uasset" 215
"../../../Engine/Content/EngineSky/VolumetricClouds/T_NoiseErosion.uasset" 216
"../../../Engine/Content/EngineSky/VolumetricClouds/T_VolumeNoiseErosion32.uasset" 217
"../../../Engine/Content/EngineSky/VolumetricClouds/CloudWeatherTexture.uasset" 218
"../../../Engine/Content/EngineSky/VolumetricClouds/CloudGradientTexture.uasset" 219
"../../../Engine/Content/Functions/Engine_MaterialFunctions02/Utility/MakeFloat2.uasset" 220
"../../../Engine/Content/EngineSky/VolumetricClouds/m_SimpleVolumetricCloud.uasset" 221
"../../../Engine/Content/EngineSky/VolumetricClouds/m_SimpleVolumetricCloud_Inst.uasset" 222
"../../../Engine/Content/EngineSounds/Master.uasset" 223
"../../../Engine/Content/Functions/Engine_MaterialFunctions01/Shading/PowerToRoughness.uasset" 224
"../../../Engine/Content/Maps/Templates/Thumbnails/Default.uasset" 225
"../../../Engine/Content/Maps/Templates/Thumbnails/TimeOfDay.uasset" 226
"../../../Engine/Content/Maps/Templates/Thumbnails/VR-Basic.uasset" 227
"../../../Engine/Content/MobileResources/T_MobileControls_texture.uasset" 228
"../../../Engine/Content/MobileResources/T_MobileMenu2.uasset" 229
"../../../Engine/Content/MobileResources/HUD/AnalogHat.uasset" 230
"../../../Engine/Content/MobileResources/HUD/VirtualJoystick_Thumb.uasset" 231
"../../../Engine/Content/MobileResources/HUD/VirtualJoystick_Background.uasset" 232
"../../../Engine/Content/MobileResources/HUD/DefaultVirtualJoysticks.uasset" 233
"../../../Engine/Content/MobileResources/HUD/LeftVirtualJoystickOnly.uasset" 234
"../../../Engine/Content/MobileResources/HUD/MobileHUDButton1_off.uasset" 235
"../../../Engine/Content/MobileResources/HUD/MobileHUDButton1_on.uasset" 236
"../../../Engine/Content/MobileResources/HUD/MobileHUDButton2_off.uasset" 237
"../../../Engine/Content/MobileResources/HUD/MobileHUDButton2_on.uasset" 238
"../../../Engine/Content/MobileResources/HUD/MobileHUDButton3.uasset" 239
"../../../Engine/Content/MobileResources/HUD/MobileHUDButtonFire.uasset" 240
"../../../Engine/Content/MobileResources/HUD/MobileHUDDirectionPad.uasset" 241
"../../../Engine/Content/MobileResources/HUD/MobileHUDDirectionPad2.uasset" 242
"../../../Engine/Content/MobileResources/HUD/MobileHUDDirectionPad3.uasset" 243
"../../../Engine/Content/MobileResources/HUD/MobileHUDDirectionStick.uasset" 244
"../../../Engine/Content/MobileResources/HUD/T_Castle_ThumbstickInner.uasset" 245
"../../../Engine/Content/MobileResources/HUD/T_Castle_ThumbstickOutter.uasset" 246
"../../../Engine/Content/Tutorial/ContentIntroCurve.uasset" 247
"../../../Engine/Content/Tutorial/Basics/LevelEditorAttract.uasset" 248
"../../../Engine/Content/Tutorial/Basics/TutorialAssets/icon_tab_Levels_40x.uasset" 249
"../../../Engine/Content/Tutorial/Basics/LevelEditorOverview.uasset" 250
"../../../Engine/Content/VREditor/TransformGizmo/TranslucentTransformGizmoMaterial.uasset" 251
"../../../Engine/Content/VREditor/LaserPointer/VR_LaserPower_01.uasset" 252
"../../../Engine/Content/VREditor/TransformGizmo/TransformGizmoMaterial.uasset" 253
"../../../Engine/Content/VREditor/TransformGizmo/BoundingBoxCorner.uasset" 254
"../../../Engine/Content/VREditor/TransformGizmo/BoundingBoxEdge.uasset" 255
"../../../Engine/Content/VREditor/TransformGizmo/PlaneTranslationHandle.uasset" 256
"../../../Engine/Content/VREditor/TransformGizmo/Xray.uasset" 257
"../../../Engine/Content/VREditor/TransformGizmo/Main.uasset" 258
"../../../Engine/Content/VREditor/TransformGizmo/SM_Sequencer_Key.uasset" 259
"../../../Engine/Content/VREditor/TransformGizmo/SM_Sequencer_Node.uasset" 260
"../../Plugins/2D/Paper2D/Content/PlaceholderTextures/DummySpriteTexture.uasset" 261
"../../Plugins/2D/Paper2D/Content/DummySprite.uasset" 262
"../../Plugins/2D/Paper2D/Content/DefaultPaperTerrainMaterial.uasset" 263
"../../Plugins/2D/Paper2D/Content/DefaultSpriteMaterial.uasset" 264
"../../Plugins/2D/Paper2D/Content/MaskedUnlitSpriteMaterial.uasset" 265
"../../Plugins/2D/Paper2D/Content/OpaqueUnlitSpriteMaterial.uasset" 266
"../../../Engine/Content/BasicShapes/Cylinder.uasset" 267
"../../../Engine/Content/ArtTools/RenderToTexture/Materials/Debug/M_Emissive_Color.uasset" 268
"../../Plugins/Lumin/MagicLeapPassableWorld/Content/MagicLeapARPinInfoActor.uasset" 269
"../../../Engine/Content/Functions/Engine_MaterialFunctions02/Utility/BreakOutFloat3Components.uasset" 270
"../../Plugins/Editor/SpeedTreeImporter/Content/SpeedTree9/UnpackInteger3.uasset" 271
"../../Plugins/Editor/SpeedTreeImporter/Content/SpeedTree9/UnpackDirection.uasset" 272
"../../Plugins/Editor/SpeedTreeImporter/Content/SpeedTree9/game_wind_noise.uasset" 273
"../../../Engine/Content/Functions/Engine_MaterialFunctions02/SafeNormalize.uasset" 274
"../../Plugins/Editor/SpeedTreeImporter/Content/SpeedTree9/SpeedTreeWindMotion.uasset" 275
"../../Plugins/Editor/SpeedTreeImporter/Content/SpeedTree9/SpeedTreeBranchMotion.uasset" 276
"../../../Engine/Content/Functions/Engine_MaterialFunctions02/ObjectLocalBounds.uasset" 277
"../../../Engine/Content/Functions/Engine_MaterialFunctions02/UVs/BoundingBoxBased_0-1_UVW.uasset" 278
"../../Plugins/Editor/SpeedTreeImporter/Content/SpeedTree9/SpeedTreeWind.uasset" 279
"../../Plugins/Editor/SpeedTreeImporter/Content/SpeedTree9/SpeedTreeBillboard.uasset" 280
"../../../Engine/Content/EngineResources/DefaultTexture.uasset" 281
"../../Plugins/Editor/SpeedTreeImporter/Content/SpeedTree9/SpeedTreeBillboardMaster.uasset" 282
"../../Plugins/Editor/SpeedTreeImporter/Content/SpeedTree9/SpeedTreeCameraFacing.uasset" 283
"../../Plugins/Editor/SpeedTreeImporter/Content/SpeedTree9/SpeedTreeMaster.uasset" 284
"../../../Engine/Content/Functions/Engine_MaterialFunctions02/Utility/BreakOutFloat4Components.uasset" 285
"../../../Engine/Content/Functions/Engine_MaterialFunctions02/Utility/MakeFloat3.uasset" 286
"../../Plugins/Runtime/Oculus/OculusVR/Content/Materials/OculusMR_ChromaKey.uasset" 287
"../../Plugins/Runtime/Oculus/OculusVR/Content/Materials/OculusMR_OpaqueColoredMaterial.uasset" 288
"../../Plugins/Runtime/Oculus/OculusVR/Content/Materials/PokeAHoleMaterial.uasset" 289
"T:/PVZ/PVZBETA/Content/FirstPerson/Meshes/BaseMaterial.uasset" 290
"T:/PVZ/PVZBETA/Content/FirstPerson/Meshes/CubeMaterialOverride.uasset" 291
"T:/PVZ/PVZBETA/Content/FirstPerson/Audio/FirstPersonTemplateWeaponFire02.uasset" 292
"T:/PVZ/PVZBETA/Content/FirstPerson/Animations/FirstPerson_Fire.uasset" 293
"T:/PVZ/PVZBETA/Content/FirstPerson/Animations/FirstPersonFire_Montage.uasset" 294
"T:/PVZ/PVZBETA/Content/FirstPerson/Character/Mesh/SK_Mannequin_Arms_PhysicsAsset.uasset" 295
"../../../Engine/Content/Functions/MaterialLayerFunctions/MatLayerBlend_NormalBlend.uasset" 296
"../../../Engine/Content/Functions/MaterialLayerFunctions/MatLayerBlend_Simple.uasset" 297
"T:/PVZ/PVZBETA/Content/FirstPerson/Character/Materials/MaterialLayers/T_ML_Rubber_Blue_01_D.uasset" 298
"T:/PVZ/PVZBETA/Content/FirstPerson/Character/Materials/MaterialLayers/T_ML_Rubber_Blue_01_N.uasset" 299
"T:/PVZ/PVZBETA/Content/FirstPerson/Character/Materials/MaterialLayers/ML_GlossyBlack_Latex_UE4.uasset" 300
"T:/PVZ/PVZBETA/Content/FirstPerson/Character/Materials/MaterialLayers/ML_Plastic_Shiny_Beige.uasset" 301
"T:/PVZ/PVZBETA/Content/FirstPerson/Character/Materials/MaterialLayers/ML_Plastic_Shiny_Beige_LOGO.uasset" 302
"T:/PVZ/PVZBETA/Content/FirstPerson/Character/Materials/MaterialLayers/T_ML_Aluminum01.uasset" 303
"T:/PVZ/PVZBETA/Content/FirstPerson/Character/Materials/MaterialLayers/T_ML_Aluminum01_N.uasset" 304
"T:/PVZ/PVZBETA/Content/FirstPerson/Character/Materials/MaterialLayers/ML_SoftMetal_UE4.uasset" 305
"T:/PVZ/PVZBETA/Content/FirstPerson/Character/Textures/UE4_Mannequin__normals.uasset" 306
"T:/PVZ/PVZBETA/Content/FirstPerson/Character/Textures/UE4_Mannequin_MAT_MASKA.uasset" 307
"T:/PVZ/PVZBETA/Content/FirstPerson/Character/Materials/M_UE4Man_Body.uasset" 308
"T:/PVZ/PVZBETA/Content/FirstPerson/Character/Mesh/SK_Mannequin_Arms.uasset" 309
"T:/PVZ/PVZBETA/Content/FirstPerson/FPWeapon/Materials/MaterialLayers/T_ML_Rubber_Blue_01_D.uasset" 310
"T:/PVZ/PVZBETA/Content/FirstPerson/FPWeapon/Materials/MaterialLayers/T_ML_Rubber_Blue_01_N.uasset" 311
"T:/PVZ/PVZBETA/Content/FirstPerson/FPWeapon/Materials/MaterialLayers/ML_GlossyBlack_Latex_UE4.uasset" 312
"T:/PVZ/PVZBETA/Content/FirstPerson/FPWeapon/Materials/MaterialLayers/ML_Plastic_Shiny_Beige.uasset" 313
"T:/PVZ/PVZBETA/Content/FirstPerson/FPWeapon/Materials/MaterialLayers/ML_Screen.uasset" 314
"T:/PVZ/PVZBETA/Content/FirstPerson/FPWeapon/Materials/MaterialLayers/T_ML_Aluminum01.uasset" 315
"T:/PVZ/PVZBETA/Content/FirstPerson/FPWeapon/Materials/MaterialLayers/T_ML_Aluminum01_N.uasset" 316
"T:/PVZ/PVZBETA/Content/FirstPerson/FPWeapon/Materials/MaterialLayers/ML_SoftMetal_UE4.uasset" 317
"T:/PVZ/PVZBETA/Content/FirstPerson/FPWeapon/Textures/T_FPGun_M.uasset" 318
"T:/PVZ/PVZBETA/Content/FirstPerson/FPWeapon/Textures/T_FPGun_N.uasset" 319
"T:/PVZ/PVZBETA/Content/FirstPerson/FPWeapon/Materials/M_FPGun.uasset" 320
"T:/PVZ/PVZBETA/Content/FirstPerson/FPWeapon/Mesh/SK_FPGun_Skeleton.uasset" 321
"T:/PVZ/PVZBETA/Content/FirstPerson/FPWeapon/Mesh/SK_FPGun.uasset" 322
"T:/PVZ/PVZBETA/Content/FirstPerson/Meshes/FirstPersonProjectileMaterial.uasset" 323
"T:/PVZ/PVZBETA/Content/FirstPerson/Meshes/FirstPersonProjectileMesh.uasset" 324
"T:/PVZ/PVZBETA/Content/FirstPersonBP/Blueprints/FirstPersonProjectile.uasset" 325
"T:/PVZ/PVZBETA/Content/FirstPersonBP/Blueprints/FirstPersonCharacter.uasset" 326
"T:/PVZ/PVZBETA/Content/FirstPerson/Textures/FirstPersonCrosshair.uasset" 327
"T:/PVZ/PVZBETA/Content/FirstPersonBP/Blueprints/FirstPersonHUD.uasset" 328
"T:/PVZ/PVZBETA/Content/FirstPersonBP/Blueprints/FirstPersonGameMode.uasset" 329
"../../../Engine/Content/EngineSky/T_Sky_Stars.uasset" 330
"../../../Engine/Content/EngineSky/T_Sky_Clouds_M.uasset" 331
"../../../Engine/Content/EngineSky/T_Sky_Blue.uasset" 332
"../../../Engine/Content/EngineSky/M_Sky_Panning_Clouds2.uasset" 333
"../../../Engine/Content/Functions/Engine_MaterialFunctions03/Procedurals/ComputeFilterWidth.uasset" 334
"../../../Engine/Content/EngineMaterials/AntiAliasedTextMaterialTranslucent.uasset" 335
"T:/PVZ/PVZBETA/Content/FirstPersonBP/Maps/FirstPersonExampleMap_BuiltData.uasset" 336
"../../../Engine/Content/EngineSky/SM_SkySphere.uasset" 337
"../../../Engine/Content/EngineSky/C_Sky_Zenith_Color.uasset" 338
"../../../Engine/Content/EngineSky/C_Sky_Horizon_Color.uasset" 339
"../../../Engine/Content/EngineSky/C_Sky_Cloud_Color.uasset" 340
"../../../Engine/Content/EngineSky/BP_Sky_Sphere.uasset" 341
"T:/PVZ/PVZBETA/Content/FirstPersonBP/Maps/FirstPersonExampleMap.umap" 342
"../../../Engine/Content/EditorMeshes/ColorCalibrator/M_GreyBall.uasset" 343
"../../../Engine/Content/EditorMeshes/ColorCalibrator/Color_checker.uasset" 344
"../../../Engine/Content/EditorMeshes/ColorCalibrator/M_ColorGrid.uasset" 345
"../../../Engine/Content/EditorMeshes/ColorCalibrator/M_ClearCoatBlack.uasset" 346
"../../../Engine/Content/EditorMeshes/ColorCalibrator/M_ClearCoat.uasset" 347
"../../../Engine/Content/EditorMeshes/ColorCalibrator/M_ChromeBall.uasset" 348
"../../../Engine/Content/EditorMeshes/ColorCalibrator/SM_ColorCalibrator.uasset" 349
"T:/PVZ/PVZBETA/Content/StarterContent/Maps/Advanced_Lighting_BuiltData.uasset" 350
"T:/PVZ/PVZBETA/Content/StarterContent/HDRI/HDRI_Epic_Courtyard_Daylight.uasset" 351
"../../../Engine/Content/MapTemplates/Sky/DaylightAmbientCubemap.uasset" 352
"T:/PVZ/PVZBETA/Content/StarterContent/Blueprints/Assets/M_LightStage_Skybox_Master.uasset" 353
"T:/PVZ/PVZBETA/Content/StarterContent/Blueprints/Assets/M_LightStage_Skybox_HDRI.uasset" 354
"T:/PVZ/PVZBETA/Content/StarterContent/Blueprints/Assets/M_LightStage_Arrows.uasset" 355
"T:/PVZ/PVZBETA/Content/StarterContent/Blueprints/Assets/SM_Arrows.uasset" 356
"../../../Engine/Content/EditorMaterials/Thumbnails/SkySphereMaterial.uasset" 357
"T:/PVZ/PVZBETA/Content/StarterContent/Blueprints/Assets/Skybox.uasset" 358
"T:/PVZ/PVZBETA/Content/StarterContent/Blueprints/Assets/M_LightStage_Skybox_Black.uasset" 359
"T:/PVZ/PVZBETA/Content/StarterContent/Blueprints/Assets/SunlightColorLUT.uasset" 360
"T:/PVZ/PVZBETA/Content/StarterContent/Blueprints/Assets/FogBrightnessLUT.uasset" 361
"T:/PVZ/PVZBETA/Content/StarterContent/Blueprints/BP_LightStudio.uasset" 362
"T:/PVZ/PVZBETA/Content/StarterContent/Materials/M_AssetPlatform.uasset" 363
"T:/PVZ/PVZBETA/Content/StarterContent/Architecture/SM_AssetPlatform.uasset" 364
"T:/PVZ/PVZBETA/Content/StarterContent/Maps/Advanced_Lighting.umap" 365
"T:/PVZ/PVZBETA/Content/StarterContent/Textures/T_TableRound_N.uasset" 366
"T:/PVZ/PVZBETA/Content/StarterContent/Textures/T_TableRound_M.uasset" 367
"T:/PVZ/PVZBETA/Content/StarterContent/Props/Materials/M_TableRound.uasset" 368
"T:/PVZ/PVZBETA/Content/StarterContent/Props/SM_TableRound.uasset" 369
"T:/PVZ/PVZBETA/Content/StarterContent/Textures/T_Statue_N.uasset" 370
"T:/PVZ/PVZBETA/Content/StarterContent/Textures/T_Statue_M.uasset" 371
"T:/PVZ/PVZBETA/Content/StarterContent/Props/Materials/M_Statue.uasset" 372
"T:/PVZ/PVZBETA/Content/StarterContent/Props/Materials/M_StatueGlass.uasset" 373
"T:/PVZ/PVZBETA/Content/StarterContent/Props/SM_Statue.uasset" 374
"T:/PVZ/PVZBETA/Content/StarterContent/Props/SM_Chair.uasset" 375
"T:/PVZ/PVZBETA/Content/StarterContent/Textures/T_Metal_Copper_D.uasset" 376
"T:/PVZ/PVZBETA/Content/StarterContent/Textures/T_Metal_Gold_N.uasset" 377
"T:/PVZ/PVZBETA/Content/StarterContent/Textures/T_MacroVariation.uasset" 378
"T:/PVZ/PVZBETA/Content/StarterContent/Materials/M_Metal_Copper.uasset" 379
"T:/PVZ/PVZBETA/Content/StarterContent/Textures/T_Metal_Aluminum_D.uasset" 380
"T:/PVZ/PVZBETA/Content/StarterContent/Materials/M_Metal_Burnished_Steel.uasset" 381
"T:/PVZ/PVZBETA/Content/StarterContent/Materials/M_Metal_Brushed_Nickel.uasset" 382
"T:/PVZ/PVZBETA/Content/StarterContent/Maps/Minimal_Default_BuiltData.uasset" 383
"T:/PVZ/PVZBETA/Content/StarterContent/Audio/Starter_Background_Cue.uasset" 384
"T:/PVZ/PVZBETA/Content/StarterContent/Architecture/Floor_400x400.uasset" 385
"T:/PVZ/PVZBETA/Content/StarterContent/Maps/Minimal_Default.umap" 386
"T:/PVZ/PVZBETA/Content/StarterContent/Shapes/Shape_Sphere.uasset" 387
"T:/PVZ/PVZBETA/Content/StarterContent/Shapes/Shape_QuadPyramid.uasset" 388
"T:/PVZ/PVZBETA/Content/StarterContent/Shapes/Shape_Cube.uasset" 389
"T:/PVZ/PVZBETA/Content/StarterContent/Textures/T_Frame_N.uasset" 390
"T:/PVZ/PVZBETA/Content/StarterContent/Textures/T_Frame_M.uasset" 391
"T:/PVZ/PVZBETA/Content/StarterContent/Props/Materials/M_Frame.uasset" 392
"T:/PVZ/PVZBETA/Content/StarterContent/Props/SM_WindowFrame.uasset" 393
"T:/PVZ/PVZBETA/Content/StarterContent/Props/SM_PillarFrame300.uasset" 394
"T:/PVZ/PVZBETA/Content/StarterContent/Props/SM_PillarFrame.uasset" 395
"T:/PVZ/PVZBETA/Content/StarterContent/Props/SM_GlassWindow.uasset" 396
"T:/PVZ/PVZBETA/Content/StarterContent/Props/SM_DoorFrame.uasset" 397
"T:/PVZ/PVZBETA/Content/StarterContent/Props/SM_CornerFrame.uasset" 398
"T:/PVZ/PVZBETA/Content/StarterContent/Props/MaterialSphere.uasset" 399
"T:/PVZ/PVZBETA/Content/StarterContent/Textures/T_Dust_Particle_D.uasset" 400
"T:/PVZ/PVZBETA/Content/StarterContent/Particles/Materials/M_Dust_Particle.uasset" 401
"T:/PVZ/PVZBETA/Content/StarterContent/Particles/P_Ambient_Dust.uasset" 402
"T:/PVZ/PVZBETA/Content/StarterContent/Textures/T_Wood_Walnut_N.uasset" 403
"T:/PVZ/PVZBETA/Content/StarterContent/Textures/T_Wood_Walnut_D.uasset" 404
"T:/PVZ/PVZBETA/Content/StarterContent/Materials/M_Wood_Walnut.uasset" 405
"T:/PVZ/PVZBETA/Content/StarterContent/Textures/T_Wood_Pine_N.uasset" 406
"T:/PVZ/PVZBETA/Content/StarterContent/Textures/T_Wood_Pine_D.uasset" 407
"T:/PVZ/PVZBETA/Content/StarterContent/Textures/T_Perlin_Noise_M.uasset" 408
"T:/PVZ/PVZBETA/Content/StarterContent/Materials/M_Wood_Pine.uasset" 409
"T:/PVZ/PVZBETA/Content/StarterContent/Textures/T_Wood_Oak_N.uasset" 410
"T:/PVZ/PVZBETA/Content/StarterContent/Textures/T_Wood_Oak_D.uasset" 411
"T:/PVZ/PVZBETA/Content/StarterContent/Materials/M_Wood_Oak.uasset" 412
"../../../Engine/Content/Functions/Engine_MaterialFunctions01/Opacity/AlphaOffset.uasset" 413
"T:/PVZ/PVZBETA/Content/StarterContent/Textures/T_Wood_Floor_Walnut_N.uasset" 414
"T:/PVZ/PVZBETA/Content/StarterContent/Textures/T_Wood_Floor_Walnut_M.uasset" 415
"T:/PVZ/PVZBETA/Content/StarterContent/Textures/T_Wood_Floor_Walnut_D.uasset" 416
"T:/PVZ/PVZBETA/Content/StarterContent/Materials/M_Wood_Floor_Walnut_Worn.uasset" 417
"T:/PVZ/PVZBETA/Content/StarterContent/Materials/M_Wood_Floor_Walnut_Polished.uasset" 418
"T:/PVZ/PVZBETA/Content/StarterContent/Textures/T_Water_M.uasset" 419
"T:/PVZ/PVZBETA/Content/StarterContent/Textures/T_Water_N.uasset" 420
"T:/PVZ/PVZBETA/Content/StarterContent/Materials/M_Water_Ocean.uasset" 421
"T:/PVZ/PVZBETA/Content/StarterContent/Materials/M_Water_Lake.uasset" 422
"T:/PVZ/PVZBETA/Content/StarterContent/Textures/T_Tech_Panel_N.uasset" 423
"T:/PVZ/PVZBETA/Content/StarterContent/Textures/T_Tech_Panel_M.uasset" 424
"T:/PVZ/PVZBETA/Content/StarterContent/Textures/T_Metal_Steel_D.uasset" 425
"T:/PVZ/PVZBETA/Content/StarterContent/Materials/M_Tech_Panel.uasset" 426
"T:/PVZ/PVZBETA/Content/StarterContent/Textures/T_Tech_Hex_Tile_N.uasset" 427
"T:/PVZ/PVZBETA/Content/StarterContent/Textures/T_Tech_Hex_Tile_M.uasset" 428
"T:/PVZ/PVZBETA/Content/StarterContent/Materials/M_Tech_Hex_Tile_Pulse.uasset" 429
"T:/PVZ/PVZBETA/Content/StarterContent/Materials/M_Tech_Hex_Tile.uasset" 430
"T:/PVZ/PVZBETA/Content/StarterContent/Textures/T_Tech_Dot_N.uasset" 431
"T:/PVZ/PVZBETA/Content/StarterContent/Textures/T_Tech_Dot_M.uasset" 432
"T:/PVZ/PVZBETA/Content/StarterContent/Textures/T_Single_Tile_N.uasset" 433
"T:/PVZ/PVZBETA/Content/StarterContent/Textures/T_Checker_Noise_M.uasset" 434
"T:/PVZ/PVZBETA/Content/StarterContent/Materials/M_Tech_Checker_Dot.uasset" 435
"T:/PVZ/PVZBETA/Content/StarterContent/Textures/T_Rock_Slate_N.uasset" 436
"T:/PVZ/PVZBETA/Content/StarterContent/Textures/T_Rock_Slate_D.uasset" 437
"T:/PVZ/PVZBETA/Content/StarterContent/Materials/M_Rock_Slate.uasset" 438
"T:/PVZ/PVZBETA/Content/StarterContent/Textures/T_Rock_Sandstone_N.uasset" 439
"T:/PVZ/PVZBETA/Content/StarterContent/Textures/T_Rock_Sandstone_D.uasset" 440
"T:/PVZ/PVZBETA/Content/StarterContent/Materials/M_Rock_Sandstone.uasset" 441
"T:/PVZ/PVZBETA/Content/StarterContent/Textures/T_Rock_Marble_Polished_D.uasset" 442
"T:/PVZ/PVZBETA/Content/StarterContent/Materials/M_Rock_Marble_Polished.uasset" 443
"T:/PVZ/PVZBETA/Content/StarterContent/Textures/T_Rock_Basalt_N.uasset" 444
"T:/PVZ/PVZBETA/Content/StarterContent/Materials/M_Rock_Basalt.uasset" 445
"T:/PVZ/PVZBETA/Content/StarterContent/Textures/T_Metal_Steel_N.uasset" 446
"T:/PVZ/PVZBETA/Content/StarterContent/Materials/M_Metal_Steel.uasset" 447
"T:/PVZ/PVZBETA/Content/StarterContent/Textures/T_Metal_Rust_D.uasset" 448
"T:/PVZ/PVZBETA/Content/StarterContent/Textures/T_Metal_Rust_N.uasset" 449
"T:/PVZ/PVZBETA/Content/StarterContent/Materials/M_Metal_Rust.uasset" 450
"T:/PVZ/PVZBETA/Content/StarterContent/Textures/T_Metal_Gold_D.uasset" 451
"T:/PVZ/PVZBETA/Content/StarterContent/Materials/M_Metal_Gold.uasset" 452
"T:/PVZ/PVZBETA/Content/StarterContent/Materials/M_Metal_Chrome.uasset" 453
"T:/PVZ/PVZBETA/Content/StarterContent/Textures/T_Ground_Moss_N.uasset" 454
"T:/PVZ/PVZBETA/Content/StarterContent/Textures/T_ground_Moss_D.uasset" 455
"T:/PVZ/PVZBETA/Content/StarterContent/Materials/M_Ground_Moss.uasset" 456
"T:/PVZ/PVZBETA/Content/StarterContent/Textures/T_Ground_Gravel_N.uasset" 457
"T:/PVZ/PVZBETA/Content/StarterContent/Textures/T_Ground_Gravel_D.uasset" 458
"T:/PVZ/PVZBETA/Content/StarterContent/Materials/M_Ground_Gravel.uasset" 459
"T:/PVZ/PVZBETA/Content/StarterContent/Textures/T_Ground_Grass_N.uasset" 460
"T:/PVZ/PVZBETA/Content/StarterContent/Textures/T_Ground_Grass_D.uasset" 461
"T:/PVZ/PVZBETA/Content/StarterContent/Materials/M_Ground_Grass.uasset" 462
"T:/PVZ/PVZBETA/Content/StarterContent/Textures/T_Concrete_Tiles_Variation_M.uasset" 463
"T:/PVZ/PVZBETA/Content/StarterContent/Textures/T_Concrete_Tiles_N.uasset" 464
"T:/PVZ/PVZBETA/Content/StarterContent/Textures/T_Concrete_Tiles_M.uasset" 465
"T:/PVZ/PVZBETA/Content/StarterContent/Textures/T_Concrete_Tiles_D.uasset" 466
"T:/PVZ/PVZBETA/Content/StarterContent/Materials/M_Concrete_Tiles.uasset" 467
"T:/PVZ/PVZBETA/Content/StarterContent/Textures/T_Concrete_Panels_N.uasset" 468
"T:/PVZ/PVZBETA/Content/StarterContent/Textures/T_Concrete_Panels_D.uasset" 469
"T:/PVZ/PVZBETA/Content/StarterContent/Materials/M_Concrete_Panels.uasset" 470
"T:/PVZ/PVZBETA/Content/StarterContent/Textures/T_Concrete_Grime_D.uasset" 471
"T:/PVZ/PVZBETA/Content/StarterContent/Materials/M_Concrete_Grime.uasset" 472
"T:/PVZ/PVZBETA/Content/StarterContent/Textures/T_CobbleStone_Smooth_N.uasset" 473
"T:/PVZ/PVZBETA/Content/StarterContent/Textures/T_CobbleStone_Smooth_M.uasset" 474
"T:/PVZ/PVZBETA/Content/StarterContent/Textures/T_CobbleStone_Smooth_D.uasset" 475
"T:/PVZ/PVZBETA/Content/StarterContent/Textures/T_Rock_Smooth_Granite_D.uasset" 476
"T:/PVZ/PVZBETA/Content/StarterContent/Textures/T_Gradinet_01.uasset" 477
"T:/PVZ/PVZBETA/Content/StarterContent/Materials/M_CobbleStone_Smooth.uasset" 478
"T:/PVZ/PVZBETA/Content/StarterContent/Textures/T_CobbleStone_Rough_N.uasset" 479
"T:/PVZ/PVZBETA/Content/StarterContent/Textures/T_CobbleStone_Rough_D.uasset" 480
"T:/PVZ/PVZBETA/Content/StarterContent/Materials/M_CobbleStone_Rough.uasset" 481
"T:/PVZ/PVZBETA/Content/StarterContent/Textures/T_CobbleStone_Pebble_N.uasset" 482
"T:/PVZ/PVZBETA/Content/StarterContent/Textures/T_CobbleStone_Pebble_M.uasset" 483
"T:/PVZ/PVZBETA/Content/StarterContent/Textures/T_CobbleStone_Pebble_D.uasset" 484
"T:/PVZ/PVZBETA/Content/StarterContent/Materials/M_CobbleStone_Pebble.uasset" 485
"T:/PVZ/PVZBETA/Content/StarterContent/Textures/T_Ceramic_Tile_N.uasset" 486
"T:/PVZ/PVZBETA/Content/StarterContent/Textures/T_Ceramic_Tile_M.uasset" 487
"T:/PVZ/PVZBETA/Content/StarterContent/Materials/M_Ceramic_Tile_Checker.uasset" 488
"T:/PVZ/PVZBETA/Content/StarterContent/Textures/T_Brick_Hewn_Stone_N.uasset" 489
"T:/PVZ/PVZBETA/Content/StarterContent/Textures/T_Brick_Hewn_Stone_M.uasset" 490
"T:/PVZ/PVZBETA/Content/StarterContent/Textures/T_Brick_Hewn_Stone_D.uasset" 491
"T:/PVZ/PVZBETA/Content/StarterContent/Materials/M_Brick_Hewn_Stone.uasset" 492
"T:/PVZ/PVZBETA/Content/StarterContent/Textures/T_Brick_Cut_Stone_N.uasset" 493
"T:/PVZ/PVZBETA/Content/StarterContent/Textures/T_Brick_Cut_Stone_D.uasset" 494
"T:/PVZ/PVZBETA/Content/StarterContent/Materials/M_Brick_Cut_Stone.uasset" 495
"T:/PVZ/PVZBETA/Content/StarterContent/Textures/T_Brick_Clay_Old_N.uasset" 496
"T:/PVZ/PVZBETA/Content/StarterContent/Textures/T_Brick_Clay_Old_D.uasset" 497
"T:/PVZ/PVZBETA/Content/StarterContent/Materials/M_Brick_Clay_Old.uasset" 498
"T:/PVZ/PVZBETA/Content/StarterContent/Textures/T_Brick_Clay_New_N.uasset" 499
"T:/PVZ/PVZBETA/Content/StarterContent/Textures/T_Brick_Clay_New_M.uasset" 500
"T:/PVZ/PVZBETA/Content/StarterContent/Textures/T_Brick_Clay_New_D.uasset" 501
"T:/PVZ/PVZBETA/Content/StarterContent/Materials/M_Brick_Clay_New.uasset" 502
"T:/PVZ/PVZBETA/Content/StarterContent/Textures/T_Brick_Clay_Beveled_N.uasset" 503
"T:/PVZ/PVZBETA/Content/StarterContent/Textures/T_Brick_Clay_Beveled_M.uasset" 504
"T:/PVZ/PVZBETA/Content/StarterContent/Textures/T_Brick_Clay_Beveled_D.uasset" 505
"T:/PVZ/PVZBETA/Content/StarterContent/Materials/M_Brick_Clay_Beveled.uasset" 506
"T:/PVZ/PVZBETA/Content/StarterContent/Maps/StarterMap_BuiltData.uasset" 507
"T:/PVZ/PVZBETA/Content/StarterContent/Textures/T_Concrete_Poured_N.uasset" 508
"T:/PVZ/PVZBETA/Content/StarterContent/Textures/T_Concrete_Poured_D.uasset" 509
"T:/PVZ/PVZBETA/Content/StarterContent/Materials/M_Concrete_Poured.uasset" 510
"T:/PVZ/PVZBETA/Content/StarterContent/Textures/T_Lamp_N.uasset" 511
"T:/PVZ/PVZBETA/Content/StarterContent/Textures/T_Lamp_M.uasset" 512
"T:/PVZ/PVZBETA/Content/StarterContent/Props/Materials/M_Lamp.uasset" 513
"T:/PVZ/PVZBETA/Content/StarterContent/Props/SM_Lamp_Wall.uasset" 514
"T:/PVZ/PVZBETA/Content/StarterContent/Blueprints/Blueprint_WallSconce.uasset" 515
"T:/PVZ/PVZBETA/Content/StarterContent/Particles/P_Steam_Lit.uasset" 516
"T:/PVZ/PVZBETA/Content/StarterContent/Audio/Steam01_Cue.uasset" 517
"T:/PVZ/PVZBETA/Content/StarterContent/Blueprints/Blueprint_Effect_Steam.uasset" 518
"T:/PVZ/PVZBETA/Content/StarterContent/Textures/T_Spark_Core.uasset" 519
"T:/PVZ/PVZBETA/Content/StarterContent/Particles/Materials/M_Spark.uasset" 520
"T:/PVZ/PVZBETA/Content/StarterContent/Particles/Materials/M_Radial_Gradient.uasset" 521
"T:/PVZ/PVZBETA/Content/StarterContent/Particles/P_Sparks.uasset" 522
"T:/PVZ/PVZBETA/Content/StarterContent/Audio/Fire_Sparks01_Cue.uasset" 523
"T:/PVZ/PVZBETA/Content/StarterContent/Blueprints/Blueprint_Effect_Sparks.uasset" 524
"T:/PVZ/PVZBETA/Content/StarterContent/Particles/P_Smoke.uasset" 525
"T:/PVZ/PVZBETA/Content/StarterContent/Audio/Smoke01_Cue.uasset" 526
"T:/PVZ/PVZBETA/Content/StarterContent/Blueprints/Blueprint_Effect_Smoke.uasset" 527
"T:/PVZ/PVZBETA/Content/StarterContent/Particles/Materials/M_Heat_Distortion.uasset" 528
"T:/PVZ/PVZBETA/Content/StarterContent/Textures/T_Fire_Tiled_D.uasset" 529
"T:/PVZ/PVZBETA/Content/StarterContent/Textures/T_Fire_SubUV.uasset" 530
"T:/PVZ/PVZBETA/Content/StarterContent/Particles/Materials/M_Fire_SubUV.uasset" 531
"T:/PVZ/PVZBETA/Content/StarterContent/Particles/P_Fire.uasset" 532
"T:/PVZ/PVZBETA/Content/StarterContent/Audio/Fire01_Cue.uasset" 533
"T:/PVZ/PVZBETA/Content/StarterContent/Blueprints/Blueprint_Effect_Fire.uasset" 534
"T:/PVZ/PVZBETA/Content/StarterContent/Props/SM_Lamp_Ceiling.uasset" 535
"T:/PVZ/PVZBETA/Content/StarterContent/Blueprints/Blueprint_CeilingLight.uasset" 536
"T:/PVZ/PVZBETA/Content/StarterContent/Audio/Starter_Music_Cue.uasset" 537
"T:/PVZ/PVZBETA/Content/StarterContent/Audio/Collapse_Cue.uasset" 538
"T:/PVZ/PVZBETA/Content/StarterContent/Architecture/Wall_Window_400x300.uasset" 539
"T:/PVZ/PVZBETA/Content/StarterContent/Architecture/Wall_Door_400x300.uasset" 540
"T:/PVZ/PVZBETA/Content/StarterContent/Architecture/Wall_400x200.uasset" 541
"T:/PVZ/PVZBETA/Content/StarterContent/Maps/StarterMap.umap" 542
"T:/PVZ/PVZBETA/Content/StarterContent/Shapes/Shape_Cone.uasset" 543
"T:/PVZ/PVZBETA/Content/Blueprints/ShooterPlant.uasset" 544
"../../../Engine/Content/BasicShapes/BasicShapeMaterial.uasset" 545
"T:/PVZ/PVZBETA/Content/Blueprints/ZombiePawn.uasset" 546
"T:/PVZ/PVZBETA/Content/PlantsVsZombiesMAP.umap" 547
"../../../Engine/Content/Maps/Entry_BuiltData.uasset" 548
"../../../Engine/Content/Maps/Entry.umap" 549
